Win.obj : error LNK2001: unresolved external symbol "__declspec(dllimport) public: void __cdecl sf::Transformable::setPosition(float,float)" (__imp_?setPosition@Transformable@sf@@QEAAXMM@Z)
Bullet.obj : error LNK2001: unresolved external symbol "__declspec(dllimport) public: void __cdecl sf::Transformable::setPosition(float,float)" (__imp_?setPosition@Transformable@sf@@QEAAXMM@Z)
client.obj : error LNK2001: unresolved external symbol "__declspec(dllimport) public: void __cdecl sf::Transformable::setPosition(float,float)" (__imp_?setPosition@Transformable@sf@@QEAAXMM@Z)
Game.obj : error LNK2001: unresolved external symbol "__declspec(dllimport) public: void __cdecl sf::Transformable::setPosition(float,float)" (__imp_?setPosition@Transformable@sf@@QEAAXMM@Z)
Lobby.obj : error LNK2001: unresolved external symbol "__declspec(dllimport) public: void __cdecl sf::Transformable::setPosition(float,float)" (__imp_?setPosition@Transformable@sf@@QEAAXMM@Z)
Bullet.obj : error LNK2019: unresolved external symbol "__declspec(dllimport) public: void __cdecl sf::Shape::setFillColor(class sf::Color const &)" (__imp_?setFillColor@Shape@sf@@QEAAXAEBVColor@2@@Z) referenced in function "public: __cdecl Bullet::Bullet(class sf::Vector2<float>)" (??0Bullet@@QEAA@V?$Vector2@M@sf@@@Z)
client.obj : error LNK2001: unresolved external symbol "__declspec(dllimport) public: void __cdecl sf::Shape::setFillColor(class sf::Color const &)" (__imp_?setFillColor@Shape@sf@@QEAAXAEBVColor@2@@Z)
Bullet.obj : error LNK2019: unresolved external symbol "__declspec(dllimport) public: __cdecl sf::RectangleShape::RectangleShape(class sf::Vector2<float> const &)" (__imp_??0RectangleShape@sf@@QEAA@AEBV?$Vector2@M@1@@Z) referenced in function "public: __cdecl Bullet::Bullet(class sf::Vector2<float>)" (??0Bullet@@QEAA@V?$Vector2@M@sf@@@Z)
client.obj : error LNK2001: unresolved external symbol "__declspec(dllimport) public: __cdecl sf::RectangleShape::RectangleShape(class sf::Vector2<float> const &)" (__imp_??0RectangleShape@sf@@QEAA@AEBV?$Vector2@M@1@@Z)
Bullet.obj : error LNK2019: unresolved external symbol "__declspec(dllimport) public: void __cdecl sf::RectangleShape::setSize(class sf::Vector2<float> const &)" (__imp_?setSize@RectangleShape@sf@@QEAAXAEBV?$Vector2@M@2@@Z) referenced in function "public: __cdecl Bullet::Bullet(class sf::Vector2<float>)" (??0Bullet@@QEAA@V?$Vector2@M@sf@@@Z)
client.obj : error LNK2001: unresolved external symbol "__declspec(dllimport) public: void __cdecl sf::RectangleShape::setSize(class sf::Vector2<float> const &)" (__imp_?setSize@RectangleShape@sf@@QEAAXAEBV?$Vector2@M@2@@Z)
Bullet.obj : error LNK2019: unresolved external symbol "__declspec(dllimport) public: virtual __cdecl sf::RectangleShape::~RectangleShape(void)" (__imp_??1RectangleShape@sf@@UEAA@XZ) referenced in function "int `public: __cdecl Bullet::Bullet(class sf::Vector2<float>)'::`1'::dtor$0" (?dtor$0@?0???0Bullet@@QEAA@V?$Vector2@M@sf@@@Z@4HA)
client.obj : error LNK2001: unresolved external symbol "__declspec(dllimport) public: virtual __cdecl sf::RectangleShape::~RectangleShape(void)" (__imp_??1RectangleShape@sf@@UEAA@XZ)
Game.obj : error LNK2001: unresolved external symbol "__declspec(dllimport) public: virtual __cdecl sf::RectangleShape::~RectangleShape(void)" (__imp_??1RectangleShape@sf@@UEAA@XZ)
Bullet.obj : error LNK2001: unresolved external symbol "private: virtual void __cdecl sf::Shape::draw(class sf::RenderTarget &,class sf::RenderStates)const " (?draw@Shape@sf@@EEBAXAEAVRenderTarget@2@VRenderStates@2@@Z)
client.obj : error LNK2001: unresolved external symbol "private: virtual void __cdecl sf::Shape::draw(class sf::RenderTarget &,class sf::RenderStates)const " (?draw@Shape@sf@@EEBAXAEAVRenderTarget@2@VRenderStates@2@@Z)
Game.obj : error LNK2001: unresolved external symbol "private: virtual void __cdecl sf::Shape::draw(class sf::RenderTarget &,class sf::RenderStates)const " (?draw@Shape@sf@@EEBAXAEAVRenderTarget@2@VRenderStates@2@@Z)
Bullet.obj : error LNK2001: unresolved external symbol "public: virtual class sf::Vector2<float> __cdecl sf::RectangleShape::getPoint(unsigned __int64)const " (?getPoint@RectangleShape@sf@@UEBA?AV?$Vector2@M@2@_K@Z)
client.obj : error LNK2001: unresolved external symbol "public: virtual class sf::Vector2<float> __cdecl sf::RectangleShape::getPoint(unsigned __int64)const " (?getPoint@RectangleShape@sf@@UEBA?AV?$Vector2@M@2@_K@Z)
Game.obj : error LNK2001: unresolved external symbol "public: virtual class sf::Vector2<float> __cdecl sf::RectangleShape::getPoint(unsigned __int64)const " (?getPoint@RectangleShape@sf@@UEBA?AV?$Vector2@M@2@_K@Z)
Bullet.obj : error LNK2001: unresolved external symbol "public: virtual unsigned __int64 __cdecl sf::RectangleShape::getPointCount(void)const " (?getPointCount@RectangleShape@sf@@UEBA_KXZ)
client.obj : error LNK2001: unresolved external symbol "public: virtual unsigned __int64 __cdecl sf::RectangleShape::getPointCount(void)const " (?getPointCount@RectangleShape@sf@@UEBA_KXZ)
Game.obj : error LNK2001: unresolved external symbol "public: virtual unsigned __int64 __cdecl sf::RectangleShape::getPointCount(void)const " (?getPointCount@RectangleShape@sf@@UEBA_KXZ)
Bullet.obj : error LNK2019: unresolved external symbol "__declspec(dllimport) public: static class sf::Color const sf::Color::White" (__imp_?White@Color@sf@@2V12@B) referenced in function "public: __cdecl Bullet::Bullet(class sf::Vector2<float>)" (??0Bullet@@QEAA@V?$Vector2@M@sf@@@Z)
client.obj : error LNK2019: unresolved external symbol "__declspec(dllimport) public: float __cdecl sf::Time::asSeconds(void)const " (__imp_?asSeconds@Time@sf@@QEBAMXZ) referenced in function main
Game.obj : error LNK2001: unresolved external symbol "__declspec(dllimport) public: float __cdecl sf::Time::asSeconds(void)const " (__imp_?asSeconds@Time@sf@@QEBAMXZ)
client.obj : error LNK2019: unresolved external symbol "__declspec(dllimport) public: __cdecl sf::Clock::Clock(void)" (__imp_??0Clock@sf@@QEAA@XZ) referenced in function "void __cdecl `dynamic initializer for 'timer''(void)" (??__Etimer@@YAXXZ)
Game.obj : error LNK2001: unresolved external symbol "__declspec(dllimport) public: __cdecl sf::Clock::Clock(void)" (__imp_??0Clock@sf@@QEAA@XZ)
client.obj : error LNK2019: unresolved external symbol "__declspec(dllimport) public: class sf::Time __cdecl sf::Clock::restart(void)" (__imp_?restart@Clock@sf@@QEAA?AVTime@2@XZ) referenced in function main
Game.obj : error LNK2001: unresolved external symbol "__declspec(dllimport) public: class sf::Time __cdecl sf::Clock::restart(void)" (__imp_?restart@Clock@sf@@QEAA?AVTime@2@XZ)
client.obj : error LNK2019: unresolved external symbol "__declspec(dllimport) public: __cdecl sf::String::String(class std::basic_string<char,struct std::char_traits<char>,class std::allocator<char> > const &,class std::locale const &)" (__imp_??0String@sf@@QEAA@AEBV?$basic_string@DU?$char_traits@D@std@@V?$allocator@D@2@@std@@AEBVlocale@3@@Z) referenced in function main
Game.obj : error LNK2001: unresolved external symbol "__declspec(dllimport) public: __cdecl sf::String::String(class std::basic_string<char,struct std::char_traits<char>,class std::allocator<char> > const &,class std::locale const &)" (__imp_??0String@sf@@QEAA@AEBV?$basic_string@DU?$char_traits@D@std@@V?$allocator@D@2@@std@@AEBVlocale@3@@Z)
Lobby.obj : error LNK2001: unresolved external symbol "__declspec(dllimport) public: __cdecl sf::String::String(class std::basic_string<char,struct std::char_traits<char>,class std::allocator<char> > const &,class std::locale const &)" (__imp_??0String@sf@@QEAA@AEBV?$basic_string@DU?$char_traits@D@std@@V?$allocator@D@2@@std@@AEBVlocale@3@@Z)
Win.obj : error LNK2001: unresolved external symbol "__declspec(dllimport) public: __cdecl sf::String::String(class std::basic_string<char,struct std::char_traits<char>,class std::allocator<char> > const &,class std::locale const &)" (__imp_??0String@sf@@QEAA@AEBV?$basic_string@DU?$char_traits@D@std@@V?$allocator@D@2@@std@@AEBVlocale@3@@Z)
client.obj : error LNK2019: unresolved external symbol "__declspec(dllimport) public: __cdecl sf::String::~String(void)" (__imp_??1String@sf@@QEAA@XZ) referenced in function main
Game.obj : error LNK2001: unresolved external symbol "__declspec(dllimport) public: __cdecl sf::String::~String(void)" (__imp_??1String@sf@@QEAA@XZ)
Lobby.obj : error LNK2001: unresolved external symbol "__declspec(dllimport) public: __cdecl sf::String::~String(void)" (__imp_??1String@sf@@QEAA@XZ)
Win.obj : error LNK2001: unresolved external symbol "__declspec(dllimport) public: __cdecl sf::String::~String(void)" (__imp_??1String@sf@@QEAA@XZ)
client.obj : error LNK2019: unresolved external symbol "__declspec(dllimport) public: void __cdecl sf::Socket::setBlocking(bool)" (__imp_?setBlocking@Socket@sf@@QEAAX_N@Z) referenced in function main
Game.obj : error LNK2001: unresolved external symbol "__declspec(dllimport) public: void __cdecl sf::Socket::setBlocking(bool)" (__imp_?setBlocking@Socket@sf@@QEAAX_N@Z)
client.obj : error LNK2019: unresolved external symbol "__declspec(dllimport) public: __cdecl sf::TcpSocket::TcpSocket(void)" (__imp_??0TcpSocket@sf@@QEAA@XZ) referenced in function main
client.obj : error LNK2019: unresolved external symbol "__declspec(dllimport) public: enum sf::Socket::Status __cdecl sf::TcpSocket::connect(class sf::IpAddress const &,unsigned short,class sf::Time)" (__imp_?connect@TcpSocket@sf@@QEAA?AW4Status@Socket@2@AEBVIpAddress@2@GVTime@2@@Z) referenced in function main
client.obj : error LNK2019: unresolved external symbol "__declspec(dllimport) public: enum sf::Socket::Status __cdecl sf::TcpSocket::send(class sf::Packet &)" (__imp_?send@TcpSocket@sf@@QEAA?AW4Status@Socket@2@AEAVPacket@2@@Z) referenced in function main
Game.obj : error LNK2001: unresolved external symbol "__declspec(dllimport) public: enum sf::Socket::Status __cdecl sf::TcpSocket::send(class sf::Packet &)" (__imp_?send@TcpSocket@sf@@QEAA?AW4Status@Socket@2@AEAVPacket@2@@Z)
Lobby.obj : error LNK2001: unresolved external symbol "__declspec(dllimport) public: enum sf::Socket::Status __cdecl sf::TcpSocket::send(class sf::Packet &)" (__imp_?send@TcpSocket@sf@@QEAA?AW4Status@Socket@2@AEAVPacket@2@@Z)
client.obj : error LNK2019: unresolved external symbol "__declspec(dllimport) public: enum sf::Socket::Status __cdecl sf::TcpSocket::receive(class sf::Packet &)" (__imp_?receive@TcpSocket@sf@@QEAA?AW4Status@Socket@2@AEAVPacket@2@@Z) referenced in function main
Game.obj : error LNK2001: unresolved external symbol "__declspec(dllimport) public: enum sf::Socket::Status __cdecl sf::TcpSocket::receive(class sf::Packet &)" (__imp_?receive@TcpSocket@sf@@QEAA?AW4Status@Socket@2@AEAVPacket@2@@Z)
Lobby.obj : error LNK2001: unresolved external symbol "__declspec(dllimport) public: enum sf::Socket::Status __cdecl sf::TcpSocket::receive(class sf::Packet &)" (__imp_?receive@TcpSocket@sf@@QEAA?AW4Status@Socket@2@AEAVPacket@2@@Z)
client.obj : error LNK2019: unresolved external symbol "__declspec(dllimport) public: virtual __cdecl sf::TcpSocket::~TcpSocket(void)" (__imp_??1TcpSocket@sf@@UEAA@XZ) referenced in function main
client.obj : error LNK2019: unresolved external symbol "__declspec(dllimport) public: __cdecl sf::IpAddress::IpAddress(char const *)" (__imp_??0IpAddress@sf@@QEAA@PEBD@Z) referenced in function main
Game.obj : error LNK2001: unresolved external symbol "__declspec(dllimport) public: __cdecl sf::IpAddress::IpAddress(char const *)" (__imp_??0IpAddress@sf@@QEAA@PEBD@Z)
client.obj : error LNK2019: unresolved external symbol "__declspec(dllimport) public: __cdecl sf::Packet::Packet(void)" (__imp_??0Packet@sf@@QEAA@XZ) referenced in function main
Game.obj : error LNK2001: unresolved external symbol "__declspec(dllimport) public: __cdecl sf::Packet::Packet(void)" (__imp_??0Packet@sf@@QEAA@XZ)
Lobby.obj : error LNK2001: unresolved external symbol "__declspec(dllimport) public: __cdecl sf::Packet::Packet(void)" (__imp_??0Packet@sf@@QEAA@XZ)
client.obj : error LNK2019: unresolved external symbol "__declspec(dllimport) public: virtual __cdecl sf::Packet::~Packet(void)" (__imp_??1Packet@sf@@UEAA@XZ) referenced in function main
Game.obj : error LNK2001: unresolved external symbol "__declspec(dllimport) public: virtual __cdecl sf::Packet::~Packet(void)" (__imp_??1Packet@sf@@UEAA@XZ)
Lobby.obj : error LNK2001: unresolved external symbol "__declspec(dllimport) public: virtual __cdecl sf::Packet::~Packet(void)" (__imp_??1Packet@sf@@UEAA@XZ)
client.obj : error LNK2019: unresolved external symbol "__declspec(dllimport) public: class sf::Packet & __cdecl sf::Packet::operator>>(int &)" (__imp_??5Packet@sf@@QEAAAEAV01@AEAH@Z) referenced in function main
Game.obj : error LNK2001: unresolved external symbol "__declspec(dllimport) public: class sf::Packet & __cdecl sf::Packet::operator>>(int &)" (__imp_??5Packet@sf@@QEAAAEAV01@AEAH@Z)
Lobby.obj : error LNK2001: unresolved external symbol "__declspec(dllimport) public: class sf::Packet & __cdecl sf::Packet::operator>>(int &)" (__imp_??5Packet@sf@@QEAAAEAV01@AEAH@Z)
client.obj : error LNK2019: unresolved external symbol "__declspec(dllimport) public: class sf::Packet & __cdecl sf::Packet::operator<<(int)" (__imp_??6Packet@sf@@QEAAAEAV01@H@Z) referenced in function main
Game.obj : error LNK2001: unresolved external symbol "__declspec(dllimport) public: class sf::Packet & __cdecl sf::Packet::operator<<(int)" (__imp_??6Packet@sf@@QEAAAEAV01@H@Z)
client.obj : error LNK2019: unresolved external symbol "__declspec(dllimport) public: class sf::Packet & __cdecl sf::Packet::operator<<(class std::basic_string<char,struct std::char_traits<char>,class std::allocator<char> > const &)" (__imp_??6Packet@sf@@QEAAAEAV01@AEBV?$basic_string@DU?$char_traits@D@std@@V?$allocator@D@2@@std@@@Z) referenced in function main
Lobby.obj : error LNK2001: unresolved external symbol "__declspec(dllimport) public: class sf::Packet & __cdecl sf::Packet::operator<<(class std::basic_string<char,struct std::char_traits<char>,class std::allocator<char> > const &)" (__imp_??6Packet@sf@@QEAAAEAV01@AEBV?$basic_string@DU?$char_traits@D@std@@V?$allocator@D@2@@std@@@Z)
client.obj : error LNK2019: unresolved external symbol "__declspec(dllimport) public: __cdecl sf::SocketSelector::~SocketSelector(void)" (__imp_??1SocketSelector@sf@@QEAA@XZ) referenced in function "public: __cdecl Game::~Game(void)" (??1Game@@QEAA@XZ)
Game.obj : error LNK2001: unresolved external symbol "__declspec(dllimport) public: __cdecl sf::SocketSelector::~SocketSelector(void)" (__imp_??1SocketSelector@sf@@QEAA@XZ)
client.obj : error LNK2019: unresolved external symbol "__declspec(dllimport) public: virtual __cdecl sf::UdpSocket::~UdpSocket(void)" (__imp_??1UdpSocket@sf@@UEAA@XZ) referenced in function "public: __cdecl Game::~Game(void)" (??1Game@@QEAA@XZ)
Game.obj : error LNK2001: unresolved external symbol "__declspec(dllimport) public: virtual __cdecl sf::UdpSocket::~UdpSocket(void)" (__imp_??1UdpSocket@sf@@UEAA@XZ)
client.obj : error LNK2019: unresolved external symbol "__declspec(dllimport) public: __cdecl sf::VideoMode::VideoMode(unsigned int,unsigned int,unsigned int)" (__imp_??0VideoMode@sf@@QEAA@III@Z) referenced in function main
client.obj : error LNK2019: unresolved external symbol "__declspec(dllimport) public: void __cdecl sf::Window::setFramerateLimit(unsigned int)" (__imp_?setFramerateLimit@Window@sf@@QEAAXI@Z) referenced in function main
client.obj : error LNK2019: unresolved external symbol "__declspec(dllimport) public: __cdecl sf::Texture::~Texture(void)" (__imp_??1Texture@sf@@QEAA@XZ) referenced in function "public: __cdecl Game::~Game(void)" (??1Game@@QEAA@XZ)
Game.obj : error LNK2001: unresolved external symbol "__declspec(dllimport) public: __cdecl sf::Texture::~Texture(void)" (__imp_??1Texture@sf@@QEAA@XZ)
client.obj : error LNK2019: unresolved external symbol "__declspec(dllimport) public: __cdecl sf::Font::Font(void)" (__imp_??0Font@sf@@QEAA@XZ) referenced in function "public: __cdecl Win::Win(void)" (??0Win@@QEAA@XZ)
Game.obj : error LNK2001: unresolved external symbol "__declspec(dllimport) public: __cdecl sf::Font::Font(void)" (__imp_??0Font@sf@@QEAA@XZ)
Lobby.obj : error LNK2001: unresolved external symbol "__declspec(dllimport) public: __cdecl sf::Font::Font(void)" (__imp_??0Font@sf@@QEAA@XZ)
client.obj : error LNK2019: unresolved external symbol "__declspec(dllimport) public: __cdecl sf::Font::~Font(void)" (__imp_??1Font@sf@@QEAA@XZ) referenced in function "int `public: __cdecl Win::Win(void)'::`1'::dtor$0" (?dtor$0@?0???0Win@@QEAA@XZ@4HA)
Game.obj : error LNK2001: unresolved external symbol "__declspec(dllimport) public: __cdecl sf::Font::~Font(void)" (__imp_??1Font@sf@@QEAA@XZ)
Lobby.obj : error LNK2001: unresolved external symbol "__declspec(dllimport) public: __cdecl sf::Font::~Font(void)" (__imp_??1Font@sf@@QEAA@XZ)
client.obj : error LNK2019: unresolved external symbol "__declspec(dllimport) public: __cdecl sf::RenderWindow::RenderWindow(class sf::VideoMode,class sf::String const &,unsigned int,struct sf::ContextSettings const &)" (__imp_??0RenderWindow@sf@@QEAA@VVideoMode@1@AEBVString@1@IAEBUContextSettings@1@@Z) referenced in function main
client.obj : error LNK2019: unresolved external symbol "__declspec(dllimport) public: virtual __cdecl sf::RenderWindow::~RenderWindow(void)" (__imp_??1RenderWindow@sf@@UEAA@XZ) referenced in function main
client.obj : error LNK2019: unresolved external symbol "__declspec(dllimport) public: virtual __cdecl sf::Sprite::~Sprite(void)" (__imp_??1Sprite@sf@@UEAA@XZ) referenced in function "public: __cdecl Game::~Game(void)" (??1Game@@QEAA@XZ)
Game.obj : error LNK2001: unresolved external symbol "__declspec(dllimport) public: virtual __cdecl sf::Sprite::~Sprite(void)" (__imp_??1Sprite@sf@@UEAA@XZ)
client.obj : error LNK2019: unresolved external symbol "__declspec(dllimport) public: __cdecl sf::Text::Text(void)" (__imp_??0Text@sf@@QEAA@XZ) referenced in function "public: __cdecl Win::Win(void)" (??0Win@@QEAA@XZ)
Game.obj : error LNK2001: unresolved external symbol "__declspec(dllimport) public: __cdecl sf::Text::Text(void)" (__imp_??0Text@sf@@QEAA@XZ)
Lobby.obj : error LNK2001: unresolved external symbol "__declspec(dllimport) public: __cdecl sf::Text::Text(void)" (__imp_??0Text@sf@@QEAA@XZ)
client.obj : error LNK2019: unresolved external symbol "__declspec(dllimport) public: virtual __cdecl sf::Text::~Text(void)" (__imp_??1Text@sf@@UEAA@XZ) referenced in function "public: __cdecl Game::~Game(void)" (??1Game@@QEAA@XZ)
Game.obj : error LNK2001: unresolved external symbol "__declspec(dllimport) public: virtual __cdecl sf::Text::~Text(void)" (__imp_??1Text@sf@@UEAA@XZ)
Lobby.obj : error LNK2001: unresolved external symbol "__declspec(dllimport) public: virtual __cdecl sf::Text::~Text(void)" (__imp_??1Text@sf@@UEAA@XZ)
client.obj : error LNK2019: unresolved external symbol "__declspec(dllimport) public: virtual __cdecl sf::Music::~Music(void)" (__imp_??1Music@sf@@UEAA@XZ) referenced in function "public: __cdecl Game::~Game(void)" (??1Game@@QEAA@XZ)
Game.obj : error LNK2001: unresolved external symbol "__declspec(dllimport) public: virtual __cdecl sf::Music::~Music(void)" (__imp_??1Music@sf@@UEAA@XZ)
client.obj : error LNK2019: unresolved external symbol "__declspec(dllimport) public: static class sf::Time const sf::Time::Zero" (__imp_?Zero@Time@sf@@2V12@B) referenced in function main
client.obj : error LNK2019: unresolved external symbol "__declspec(dllimport) public: static class sf::Color const sf::Color::Red" (__imp_?Red@Color@sf@@2V12@B) referenced in function main
Game.obj : error LNK2001: unresolved external symbol "__declspec(dllimport) public: static class sf::Color const sf::Color::Red" (__imp_?Red@Color@sf@@2V12@B)
Lobby.obj : error LNK2001: unresolved external symbol "__declspec(dllimport) public: static class sf::Color const sf::Color::Red" (__imp_?Red@Color@sf@@2V12@B)
Win.obj : error LNK2001: unresolved external symbol "__declspec(dllimport) public: static class sf::Color const sf::Color::Red" (__imp_?Red@Color@sf@@2V12@B)
client.obj : error LNK2019: unresolved external symbol "__declspec(dllimport) public: static class sf::Color const sf::Color::Green" (__imp_?Green@Color@sf@@2V12@B) referenced in function main
Lobby.obj : error LNK2001: unresolved external symbol "__declspec(dllimport) public: static class sf::Color const sf::Color::Green" (__imp_?Green@Color@sf@@2V12@B)
client.obj : error LNK2019: unresolved external symbol "__declspec(dllimport) public: static class sf::Color const sf::Color::Blue" (__imp_?Blue@Color@sf@@2V12@B) referenced in function main
Lobby.obj : error LNK2001: unresolved external symbol "__declspec(dllimport) public: static class sf::Color const sf::Color::Blue" (__imp_?Blue@Color@sf@@2V12@B)
client.obj : error LNK2019: unresolved external symbol "__declspec(dllimport) public: static class sf::Color const sf::Color::Magenta" (__imp_?Magenta@Color@sf@@2V12@B) referenced in function main
Lobby.obj : error LNK2001: unresolved external symbol "__declspec(dllimport) public: static class sf::Color const sf::Color::Magenta" (__imp_?Magenta@Color@sf@@2V12@B)
Game.obj : error LNK2019: unresolved external symbol "__declspec(dllimport) class sf::Time __cdecl sf::microseconds(__int64)" (__imp_?microseconds@sf@@YA?AVTime@1@_J@Z) referenced in function "public: void __cdecl Game::update(class sf::RenderWindow &,int,int &,class sf::TcpSocket &,float,enum States &,class Player * const,bool &)" (?update@Game@@QEAAXAEAVRenderWindow@sf@@HAEAHAEAVTcpSocket@3@MAEAW4States@@QEAVPlayer@@AEA_N@Z)
Game.obj : error LNK2019: unresolved external symbol "__declspec(dllimport) public: class sf::Time __cdecl sf::Clock::getElapsedTime(void)const " (__imp_?getElapsedTime@Clock@sf@@QEBA?AVTime@2@XZ) referenced in function "public: void __cdecl Game::update(class sf::RenderWindow &,int,int &,class sf::TcpSocket &,float,enum States &,class Player * const,bool &)" (?update@Game@@QEAAXAEAVRenderWindow@sf@@HAEAHAEAVTcpSocket@3@MAEAW4States@@QEAVPlayer@@AEA_N@Z)
Game.obj : error LNK2019: unresolved external symbol "__declspec(dllimport) public: __cdecl sf::String::String(char const *,class std::locale const &)" (__imp_??0String@sf@@QEAA@PEBDAEBVlocale@std@@@Z) referenced in function "public: __cdecl Game::Game(void)" (??0Game@@QEAA@XZ)
Lobby.obj : error LNK2001: unresolved external symbol "__declspec(dllimport) public: __cdecl sf::String::String(char const *,class std::locale const &)" (__imp_??0String@sf@@QEAA@PEBDAEBVlocale@std@@@Z)
Game.obj : error LNK2019: unresolved external symbol "__declspec(dllimport) public: __cdecl sf::IpAddress::IpAddress(void)" (__imp_??0IpAddress@sf@@QEAA@XZ) referenced in function "public: void __cdecl Game::update(class sf::RenderWindow &,int,int &,class sf::TcpSocket &,float,enum States &,class Player * const,bool &)" (?update@Game@@QEAAXAEAVRenderWindow@sf@@HAEAHAEAVTcpSocket@3@MAEAW4States@@QEAVPlayer@@AEA_N@Z)
Game.obj : error LNK2019: unresolved external symbol "__declspec(dllimport) public: class sf::Packet & __cdecl sf::Packet::operator>>(bool &)" (__imp_??5Packet@sf@@QEAAAEAV01@AEA_N@Z) referenced in function "public: void __cdecl Game::update(class sf::RenderWindow &,int,int &,class sf::TcpSocket &,float,enum States &,class Player * const,bool &)" (?update@Game@@QEAAXAEAVRenderWindow@sf@@HAEAHAEAVTcpSocket@3@MAEAW4States@@QEAVPlayer@@AEA_N@Z)
Lobby.obj : error LNK2001: unresolved external symbol "__declspec(dllimport) public: class sf::Packet & __cdecl sf::Packet::operator>>(bool &)" (__imp_??5Packet@sf@@QEAAAEAV01@AEA_N@Z)
Game.obj : error LNK2019: unresolved external symbol "__declspec(dllimport) public: class sf::Packet & __cdecl sf::Packet::operator>>(float &)" (__imp_??5Packet@sf@@QEAAAEAV01@AEAM@Z) referenced in function "public: void __cdecl Game::update(class sf::RenderWindow &,int,int &,class sf::TcpSocket &,float,enum States &,class Player * const,bool &)" (?update@Game@@QEAAXAEAVRenderWindow@sf@@HAEAHAEAVTcpSocket@3@MAEAW4States@@QEAVPlayer@@AEA_N@Z)
Game.obj : error LNK2019: unresolved external symbol "__declspec(dllimport) public: class sf::Packet & __cdecl sf::Packet::operator<<(bool)" (__imp_??6Packet@sf@@QEAAAEAV01@_N@Z) referenced in function "public: void __cdecl Game::update(class sf::RenderWindow &,int,int &,class sf::TcpSocket &,float,enum States &,class Player * const,bool &)" (?update@Game@@QEAAXAEAVRenderWindow@sf@@HAEAHAEAVTcpSocket@3@MAEAW4States@@QEAVPlayer@@AEA_N@Z)
Lobby.obj : error LNK2001: unresolved external symbol "__declspec(dllimport) public: class sf::Packet & __cdecl sf::Packet::operator<<(bool)" (__imp_??6Packet@sf@@QEAAAEAV01@_N@Z)
Game.obj : error LNK2019: unresolved external symbol "__declspec(dllimport) public: class sf::Packet & __cdecl sf::Packet::operator<<(float)" (__imp_??6Packet@sf@@QEAAAEAV01@M@Z) referenced in function "public: void __cdecl Game::update(class sf::RenderWindow &,int,int &,class sf::TcpSocket &,float,enum States &,class Player * const,bool &)" (?update@Game@@QEAAXAEAVRenderWindow@sf@@HAEAHAEAVTcpSocket@3@MAEAW4States@@QEAVPlayer@@AEA_N@Z)
Game.obj : error LNK2019: unresolved external symbol "__declspec(dllimport) public: __cdecl sf::SocketSelector::SocketSelector(void)" (__imp_??0SocketSelector@sf@@QEAA@XZ) referenced in function "public: __cdecl Game::Game(void)" (??0Game@@QEAA@XZ)
Game.obj : error LNK2019: unresolved external symbol "__declspec(dllimport) public: void __cdecl sf::SocketSelector::add(class sf::Socket &)" (__imp_?add@SocketSelector@sf@@QEAAXAEAVSocket@2@@Z) referenced in function "public: void __cdecl Game::update(class sf::RenderWindow &,int,int &,class sf::TcpSocket &,float,enum States &,class Player * const,bool &)" (?update@Game@@QEAAXAEAVRenderWindow@sf@@HAEAHAEAVTcpSocket@3@MAEAW4States@@QEAVPlayer@@AEA_N@Z)
Game.obj : error LNK2019: unresolved external symbol "__declspec(dllimport) public: bool __cdecl sf::SocketSelector::wait(class sf::Time)" (__imp_?wait@SocketSelector@sf@@QEAA_NVTime@2@@Z) referenced in function "public: void __cdecl Game::update(class sf::RenderWindow &,int,int &,class sf::TcpSocket &,float,enum States &,class Player * const,bool &)" (?update@Game@@QEAAXAEAVRenderWindow@sf@@HAEAHAEAVTcpSocket@3@MAEAW4States@@QEAVPlayer@@AEA_N@Z)
Game.obj : error LNK2019: unresolved external symbol "__declspec(dllimport) public: __cdecl sf::UdpSocket::UdpSocket(void)" (__imp_??0UdpSocket@sf@@QEAA@XZ) referenced in function "public: __cdecl Game::Game(void)" (??0Game@@QEAA@XZ)
Game.obj : error LNK2019: unresolved external symbol "__declspec(dllimport) public: enum sf::Socket::Status __cdecl sf::UdpSocket::bind(unsigned short,class sf::IpAddress const &)" (__imp_?bind@UdpSocket@sf@@QEAA?AW4Status@Socket@2@GAEBVIpAddress@2@@Z) referenced in function "public: void __cdecl Game::update(class sf::RenderWindow &,int,int &,class sf::TcpSocket &,float,enum States &,class Player * const,bool &)" (?update@Game@@QEAAXAEAVRenderWindow@sf@@HAEAHAEAVTcpSocket@3@MAEAW4States@@QEAVPlayer@@AEA_N@Z)
Game.obj : error LNK2019: unresolved external symbol "__declspec(dllimport) public: enum sf::Socket::Status __cdecl sf::UdpSocket::send(class sf::Packet &,class sf::IpAddress const &,unsigned short)" (__imp_?send@UdpSocket@sf@@QEAA?AW4Status@Socket@2@AEAVPacket@2@AEBVIpAddress@2@G@Z) referenced in function "public: void __cdecl Game::update(class sf::RenderWindow &,int,int &,class sf::TcpSocket &,float,enum States &,class Player * const,bool &)" (?update@Game@@QEAAXAEAVRenderWindow@sf@@HAEAHAEAVTcpSocket@3@MAEAW4States@@QEAVPlayer@@AEA_N@Z)
Game.obj : error LNK2019: unresolved external symbol "__declspec(dllimport) public: enum sf::Socket::Status __cdecl sf::UdpSocket::receive(class sf::Packet &,class sf::IpAddress &,unsigned short &)" (__imp_?receive@UdpSocket@sf@@QEAA?AW4Status@Socket@2@AEAVPacket@2@AEAVIpAddress@2@AEAG@Z) referenced in function "public: void __cdecl Game::update(class sf::RenderWindow &,int,int &,class sf::TcpSocket &,float,enum States &,class Player * const,bool &)" (?update@Game@@QEAAXAEAVRenderWindow@sf@@HAEAHAEAVTcpSocket@3@MAEAW4States@@QEAVPlayer@@AEA_N@Z)
Game.obj : error LNK2019: unresolved external symbol "__declspec(dllimport) public: void __cdecl sf::Window::close(void)" (__imp_?close@Window@sf@@QEAAXXZ) referenced in function "public: void __cdecl Game::update(class sf::RenderWindow &,int,int &,class sf::TcpSocket &,float,enum States &,class Player * const,bool &)" (?update@Game@@QEAAXAEAVRenderWindow@sf@@HAEAHAEAVTcpSocket@3@MAEAW4States@@QEAVPlayer@@AEA_N@Z)
Lobby.obj : error LNK2001: unresolved external symbol "__declspec(dllimport) public: void __cdecl sf::Window::close(void)" (__imp_?close@Window@sf@@QEAAXXZ)
Game.obj : error LNK2019: unresolved external symbol "__declspec(dllimport) public: bool __cdecl sf::Window::pollEvent(class sf::Event &)" (__imp_?pollEvent@Window@sf@@QEAA_NAEAVEvent@2@@Z) referenced in function "public: void __cdecl Game::update(class sf::RenderWindow &,int,int &,class sf::TcpSocket &,float,enum States &,class Player * const,bool &)" (?update@Game@@QEAAXAEAVRenderWindow@sf@@HAEAHAEAVTcpSocket@3@MAEAW4States@@QEAVPlayer@@AEA_N@Z)
Lobby.obj : error LNK2001: unresolved external symbol "__declspec(dllimport) public: bool __cdecl sf::Window::pollEvent(class sf::Event &)" (__imp_?pollEvent@Window@sf@@QEAA_NAEAVEvent@2@@Z)
Game.obj : error LNK2019: unresolved external symbol "__declspec(dllimport) public: void __cdecl sf::Window::display(void)" (__imp_?display@Window@sf@@QEAAXXZ) referenced in function "public: void __cdecl Game::draw(class sf::RenderWindow &,int &,class Player * const)" (?draw@Game@@QEAAXAEAVRenderWindow@sf@@AEAHQEAVPlayer@@@Z)
Lobby.obj : error LNK2001: unresolved external symbol "__declspec(dllimport) public: void __cdecl sf::Window::display(void)" (__imp_?display@Window@sf@@QEAAXXZ)
Win.obj : error LNK2001: unresolved external symbol "__declspec(dllimport) public: void __cdecl sf::Window::display(void)" (__imp_?display@Window@sf@@QEAAXXZ)
Game.obj : error LNK2019: unresolved external symbol "__declspec(dllimport) public: void __cdecl sf::Transformable::setPosition(class sf::Vector2<float> const &)" (__imp_?setPosition@Transformable@sf@@QEAAXAEBV?$Vector2@M@2@@Z) referenced in function "public: void __cdecl Game::update(class sf::RenderWindow &,int,int &,class sf::TcpSocket &,float,enum States &,class Player * const,bool &)" (?update@Game@@QEAAXAEAVRenderWindow@sf@@HAEAHAEAVTcpSocket@3@MAEAW4States@@QEAVPlayer@@AEA_N@Z)
Game.obj : error LNK2019: unresolved external symbol "__declspec(dllimport) public: void __cdecl sf::Transformable::setScale(class sf::Vector2<float> const &)" (__imp_?setScale@Transformable@sf@@QEAAXAEBV?$Vector2@M@2@@Z) referenced in function "public: void __cdecl Game::update(class sf::RenderWindow &,int,int &,class sf::TcpSocket &,float,enum States &,class Player * const,bool &)" (?update@Game@@QEAAXAEAVRenderWindow@sf@@HAEAHAEAVTcpSocket@3@MAEAW4States@@QEAVPlayer@@AEA_N@Z)
Game.obj : error LNK2019: unresolved external symbol "__declspec(dllimport) public: class sf::Vector2<float> const & __cdecl sf::Transformable::getPosition(void)const " (__imp_?getPosition@Transformable@sf@@QEBAAEBV?$Vector2@M@2@XZ) referenced in function "public: void __cdecl Game::update(class sf::RenderWindow &,int,int &,class sf::TcpSocket &,float,enum States &,class Player * const,bool &)" (?update@Game@@QEAAXAEAVRenderWindow@sf@@HAEAHAEAVTcpSocket@3@MAEAW4States@@QEAVPlayer@@AEA_N@Z)
Game.obj : error LNK2019: unresolved external symbol "__declspec(dllimport) public: void __cdecl sf::Transformable::move(float,float)" (__imp_?move@Transformable@sf@@QEAAXMM@Z) referenced in function "public: void __cdecl Game::update(class sf::RenderWindow &,int,int &,class sf::TcpSocket &,float,enum States &,class Player * const,bool &)" (?update@Game@@QEAAXAEAVRenderWindow@sf@@HAEAHAEAVTcpSocket@3@MAEAW4States@@QEAVPlayer@@AEA_N@Z)
Game.obj : error LNK2019: unresolved external symbol "__declspec(dllimport) public: void __cdecl sf::Transformable::move(class sf::Vector2<float> const &)" (__imp_?move@Transformable@sf@@QEAAXAEBV?$Vector2@M@2@@Z) referenced in function "public: void __cdecl Game::update(class sf::RenderWindow &,int,int &,class sf::TcpSocket &,float,enum States &,class Player * const,bool &)" (?update@Game@@QEAAXAEAVRenderWindow@sf@@HAEAHAEAVTcpSocket@3@MAEAW4States@@QEAVPlayer@@AEA_N@Z)
Game.obj : error LNK2019: unresolved external symbol "__declspec(dllimport) public: __cdecl sf::Color::Color(unsigned char,unsigned char,unsigned char,unsigned char)" (__imp_??0Color@sf@@QEAA@EEEE@Z) referenced in function "public: void __cdecl Game::draw(class sf::RenderWindow &,int &,class Player * const)" (?draw@Game@@QEAAXAEAVRenderWindow@sf@@AEAHQEAVPlayer@@@Z)
Lobby.obj : error LNK2001: unresolved external symbol "__declspec(dllimport) public: __cdecl sf::Color::Color(unsigned char,unsigned char,unsigned char,unsigned char)" (__imp_??0Color@sf@@QEAA@EEEE@Z)
Win.obj : error LNK2001: unresolved external symbol "__declspec(dllimport) public: __cdecl sf::Color::Color(unsigned char,unsigned char,unsigned char,unsigned char)" (__imp_??0Color@sf@@QEAA@EEEE@Z)
Game.obj : error LNK2019: unresolved external symbol "__declspec(dllimport) public: void __cdecl sf::Shape::setTexture(class sf::Texture const *,bool)" (__imp_?setTexture@Shape@sf@@QEAAXPEBVTexture@2@_N@Z) referenced in function "public: void __cdecl Game::update(class sf::RenderWindow &,int,int &,class sf::TcpSocket &,float,enum States &,class Player * const,bool &)" (?update@Game@@QEAAXAEAVRenderWindow@sf@@HAEAHAEAVTcpSocket@3@MAEAW4States@@QEAVPlayer@@AEA_N@Z)
Game.obj : error LNK2019: unresolved external symbol "__declspec(dllimport) public: __cdecl sf::Texture::Texture(void)" (__imp_??0Texture@sf@@QEAA@XZ) referenced in function "public: __cdecl Game::Game(void)" (??0Game@@QEAA@XZ)
Game.obj : error LNK2019: unresolved external symbol "__declspec(dllimport) public: bool __cdecl sf::Texture::loadFromFile(class std::basic_string<char,struct std::char_traits<char>,class std::allocator<char> > const &,class sf::Rect<int> const &)" (__imp_?loadFromFile@Texture@sf@@QEAA_NAEBV?$basic_string@DU?$char_traits@D@std@@V?$allocator@D@2@@std@@AEBV?$Rect@H@2@@Z) referenced in function "public: __cdecl Game::Game(void)" (??0Game@@QEAA@XZ)
Game.obj : error LNK2019: unresolved external symbol "__declspec(dllimport) public: bool __cdecl sf::Font::loadFromFile(class std::basic_string<char,struct std::char_traits<char>,class std::allocator<char> > const &)" (__imp_?loadFromFile@Font@sf@@QEAA_NAEBV?$basic_string@DU?$char_traits@D@std@@V?$allocator@D@2@@std@@@Z) referenced in function "public: __cdecl Game::Game(void)" (??0Game@@QEAA@XZ)
Lobby.obj : error LNK2001: unresolved external symbol "__declspec(dllimport) public: bool __cdecl sf::Font::loadFromFile(class std::basic_string<char,struct std::char_traits<char>,class std::allocator<char> > const &)" (__imp_?loadFromFile@Font@sf@@QEAA_NAEBV?$basic_string@DU?$char_traits@D@std@@V?$allocator@D@2@@std@@@Z)
Win.obj : error LNK2001: unresolved external symbol "__declspec(dllimport) public: bool __cdecl sf::Font::loadFromFile(class std::basic_string<char,struct std::char_traits<char>,class std::allocator<char> > const &)" (__imp_?loadFromFile@Font@sf@@QEAA_NAEBV?$basic_string@DU?$char_traits@D@std@@V?$allocator@D@2@@std@@@Z)
Game.obj : error LNK2019: unresolved external symbol "__declspec(dllimport) public: class sf::Vector2<float> const & __cdecl sf::RectangleShape::getSize(void)const " (__imp_?getSize@RectangleShape@sf@@QEBAAEBV?$Vector2@M@2@XZ) referenced in function "public: void __cdecl Game::update(class sf::RenderWindow &,int,int &,class sf::TcpSocket &,float,enum States &,class Player * const,bool &)" (?update@Game@@QEAAXAEAVRenderWindow@sf@@HAEAHAEAVTcpSocket@3@MAEAW4States@@QEAVPlayer@@AEA_N@Z)
Game.obj : error LNK2019: unresolved external symbol "__declspec(dllimport) public: __cdecl sf::RectangleShape::RectangleShape(class sf::RectangleShape const &)" (__imp_??0RectangleShape@sf@@QEAA@AEBV01@@Z) referenced in function "public: __cdecl Bullet::Bullet(class Bullet const &)" (??0Bullet@@QEAA@AEBV0@@Z)
Game.obj : error LNK2019: unresolved external symbol "__declspec(dllimport) public: __cdecl sf::RectangleShape::RectangleShape(class sf::RectangleShape &&)" (__imp_??0RectangleShape@sf@@QEAA@$$QEAV01@@Z) referenced in function "public: __cdecl Bullet::Bullet(class Bullet &&)" (??0Bullet@@QEAA@$$QEAV0@@Z)
Game.obj : error LNK2019: unresolved external symbol "__declspec(dllimport) public: class sf::RectangleShape & __cdecl sf::RectangleShape::operator=(class sf::RectangleShape &&)" (__imp_??4RectangleShape@sf@@QEAAAEAV01@$$QEAV01@@Z) referenced in function "public: class Bullet & __cdecl Bullet::operator=(class Bullet &&)" (??4Bullet@@QEAAAEAV0@$$QEAV0@@Z)
Game.obj : error LNK2019: unresolved external symbol "__declspec(dllimport) public: void __cdecl sf::RenderTarget::clear(class sf::Color const &)" (__imp_?clear@RenderTarget@sf@@QEAAXAEBVColor@2@@Z) referenced in function "public: void __cdecl Game::draw(class sf::RenderWindow &,int &,class Player * const)" (?draw@Game@@QEAAXAEAVRenderWindow@sf@@AEAHQEAVPlayer@@@Z)
Lobby.obj : error LNK2001: unresolved external symbol "__declspec(dllimport) public: void __cdecl sf::RenderTarget::clear(class sf::Color const &)" (__imp_?clear@RenderTarget@sf@@QEAAXAEBVColor@2@@Z)
Win.obj : error LNK2001: unresolved external symbol "__declspec(dllimport) public: void __cdecl sf::RenderTarget::clear(class sf::Color const &)" (__imp_?clear@RenderTarget@sf@@QEAAXAEBVColor@2@@Z)
Game.obj : error LNK2019: unresolved external symbol "__declspec(dllimport) public: void __cdecl sf::RenderTarget::draw(class sf::Drawable const &,class sf::RenderStates const &)" (__imp_?draw@RenderTarget@sf@@QEAAXAEBVDrawable@2@AEBVRenderStates@2@@Z) referenced in function "public: void __cdecl Game::draw(class sf::RenderWindow &,int &,class Player * const)" (?draw@Game@@QEAAXAEAVRenderWindow@sf@@AEAHQEAVPlayer@@@Z)
Lobby.obj : error LNK2001: unresolved external symbol "__declspec(dllimport) public: void __cdecl sf::RenderTarget::draw(class sf::Drawable const &,class sf::RenderStates const &)" (__imp_?draw@RenderTarget@sf@@QEAAXAEBVDrawable@2@AEBVRenderStates@2@@Z)
Win.obj : error LNK2001: unresolved external symbol "__declspec(dllimport) public: void __cdecl sf::RenderTarget::draw(class sf::Drawable const &,class sf::RenderStates const &)" (__imp_?draw@RenderTarget@sf@@QEAAXAEBVDrawable@2@AEBVRenderStates@2@@Z)
Game.obj : error LNK2019: unresolved external symbol "__declspec(dllimport) public: __cdecl sf::Sprite::Sprite(void)" (__imp_??0Sprite@sf@@QEAA@XZ) referenced in function "public: __cdecl Game::Game(void)" (??0Game@@QEAA@XZ)
Game.obj : error LNK2019: unresolved external symbol "__declspec(dllimport) public: void __cdecl sf::Sprite::setTexture(class sf::Texture const &,bool)" (__imp_?setTexture@Sprite@sf@@QEAAXAEBVTexture@2@_N@Z) referenced in function "public: void __cdecl Game::update(class sf::RenderWindow &,int,int &,class sf::TcpSocket &,float,enum States &,class Player * const,bool &)" (?update@Game@@QEAAXAEAVRenderWindow@sf@@HAEAHAEAVTcpSocket@3@MAEAW4States@@QEAVPlayer@@AEA_N@Z)
Game.obj : error LNK2019: unresolved external symbol "__declspec(dllimport) public: void __cdecl sf::Text::setString(class sf::String const &)" (__imp_?setString@Text@sf@@QEAAXAEBVString@2@@Z) referenced in function "public: __cdecl Game::Game(void)" (??0Game@@QEAA@XZ)
Lobby.obj : error LNK2001: unresolved external symbol "__declspec(dllimport) public: void __cdecl sf::Text::setString(class sf::String const &)" (__imp_?setString@Text@sf@@QEAAXAEBVString@2@@Z)
Win.obj : error LNK2001: unresolved external symbol "__declspec(dllimport) public: void __cdecl sf::Text::setString(class sf::String const &)" (__imp_?setString@Text@sf@@QEAAXAEBVString@2@@Z)
Game.obj : error LNK2019: unresolved external symbol "__declspec(dllimport) public: void __cdecl sf::Text::setFont(class sf::Font const &)" (__imp_?setFont@Text@sf@@QEAAXAEBVFont@2@@Z) referenced in function "public: __cdecl Game::Game(void)" (??0Game@@QEAA@XZ)
Lobby.obj : error LNK2001: unresolved external symbol "__declspec(dllimport) public: void __cdecl sf::Text::setFont(class sf::Font const &)" (__imp_?setFont@Text@sf@@QEAAXAEBVFont@2@@Z)
Win.obj : error LNK2001: unresolved external symbol "__declspec(dllimport) public: void __cdecl sf::Text::setFont(class sf::Font const &)" (__imp_?setFont@Text@sf@@QEAAXAEBVFont@2@@Z)
Game.obj : error LNK2019: unresolved external symbol "__declspec(dllimport) public: void __cdecl sf::Text::setCharacterSize(unsigned int)" (__imp_?setCharacterSize@Text@sf@@QEAAXI@Z) referenced in function "public: __cdecl Game::Game(void)" (??0Game@@QEAA@XZ)
Lobby.obj : error LNK2001: unresolved external symbol "__declspec(dllimport) public: void __cdecl sf::Text::setCharacterSize(unsigned int)" (__imp_?setCharacterSize@Text@sf@@QEAAXI@Z)
Win.obj : error LNK2001: unresolved external symbol "__declspec(dllimport) public: void __cdecl sf::Text::setCharacterSize(unsigned int)" (__imp_?setCharacterSize@Text@sf@@QEAAXI@Z)
Game.obj : error LNK2019: unresolved external symbol "__declspec(dllimport) public: void __cdecl sf::Text::setStyle(unsigned int)" (__imp_?setStyle@Text@sf@@QEAAXI@Z) referenced in function "public: __cdecl Game::Game(void)" (??0Game@@QEAA@XZ)
Lobby.obj : error LNK2001: unresolved external symbol "__declspec(dllimport) public: void __cdecl sf::Text::setStyle(unsigned int)" (__imp_?setStyle@Text@sf@@QEAAXI@Z)
Win.obj : error LNK2001: unresolved external symbol "__declspec(dllimport) public: void __cdecl sf::Text::setStyle(unsigned int)" (__imp_?setStyle@Text@sf@@QEAAXI@Z)
Game.obj : error LNK2019: unresolved external symbol "__declspec(dllimport) public: void __cdecl sf::Text::setFillColor(class sf::Color const &)" (__imp_?setFillColor@Text@sf@@QEAAXAEBVColor@2@@Z) referenced in function "public: __cdecl Game::Game(void)" (??0Game@@QEAA@XZ)
Lobby.obj : error LNK2001: unresolved external symbol "__declspec(dllimport) public: void __cdecl sf::Text::setFillColor(class sf::Color const &)" (__imp_?setFillColor@Text@sf@@QEAAXAEBVColor@2@@Z)
Win.obj : error LNK2001: unresolved external symbol "__declspec(dllimport) public: void __cdecl sf::Text::setFillColor(class sf::Color const &)" (__imp_?setFillColor@Text@sf@@QEAAXAEBVColor@2@@Z)
Game.obj : error LNK2019: unresolved external symbol "__declspec(dllimport) public: void __cdecl sf::SoundStream::setLoop(bool)" (__imp_?setLoop@SoundStream@sf@@QEAAX_N@Z) referenced in function "public: void __cdecl Game::update(class sf::RenderWindow &,int,int &,class sf::TcpSocket &,float,enum States &,class Player * const,bool &)" (?update@Game@@QEAAXAEAVRenderWindow@sf@@HAEAHAEAVTcpSocket@3@MAEAW4States@@QEAVPlayer@@AEA_N@Z)
Game.obj : error LNK2019: unresolved external symbol "__declspec(dllimport) public: __cdecl sf::Music::Music(void)" (__imp_??0Music@sf@@QEAA@XZ) referenced in function "public: __cdecl Game::Game(void)" (??0Game@@QEAA@XZ)
Game.obj : error LNK2019: unresolved external symbol "__declspec(dllimport) public: bool __cdecl sf::Music::openFromFile(class std::basic_string<char,struct std::char_traits<char>,class std::allocator<char> > const &)" (__imp_?openFromFile@Music@sf@@QEAA_NAEBV?$basic_string@DU?$char_traits@D@std@@V?$allocator@D@2@@std@@@Z) referenced in function "public: void __cdecl Game::update(class sf::RenderWindow &,int,int &,class sf::TcpSocket &,float,enum States &,class Player * const,bool &)" (?update@Game@@QEAAXAEAVRenderWindow@sf@@HAEAHAEAVTcpSocket@3@MAEAW4States@@QEAVPlayer@@AEA_N@Z)
Game.obj : error LNK2019: unresolved external symbol "__declspec(dllimport) public: static class sf::IpAddress const sf::IpAddress::Any" (__imp_?Any@IpAddress@sf@@2V12@B) referenced in function "public: void __cdecl Game::update(class sf::RenderWindow &,int,int &,class sf::TcpSocket &,float,enum States &,class Player * const,bool &)" (?update@Game@@QEAAXAEAVRenderWindow@sf@@HAEAHAEAVTcpSocket@3@MAEAW4States@@QEAVPlayer@@AEA_N@Z)
Game.obj : error LNK2019: unresolved external symbol "__declspec(dllimport) public: static class sf::RenderStates const sf::RenderStates::Default" (__imp_?Default@RenderStates@sf@@2V12@B) referenced in function "public: void __cdecl Game::draw(class sf::RenderWindow &,int &,class Player * const)" (?draw@Game@@QEAAXAEAVRenderWindow@sf@@AEAHQEAVPlayer@@@Z)
Lobby.obj : error LNK2001: unresolved external symbol "__declspec(dllimport) public: static class sf::RenderStates const sf::RenderStates::Default" (__imp_?Default@RenderStates@sf@@2V12@B)
Win.obj : error LNK2001: unresolved external symbol "__declspec(dllimport) public: static class sf::RenderStates const sf::RenderStates::Default" (__imp_?Default@RenderStates@sf@@2V12@B)
Lobby.obj : error LNK2019: unresolved external symbol "__declspec(dllimport) public: class sf::Packet & __cdecl sf::Packet::operator>>(class std::basic_string<char,struct std::char_traits<char>,class std::allocator<char> > &)" (__imp_??5Packet@sf@@QEAAAEAV01@AEAV?$basic_string@DU?$char_traits@D@std@@V?$allocator@D@2@@std@@@Z) referenced in function "public: void __cdecl Lobby::update(class std::basic_string<char,struct std::char_traits<char>,class std::allocator<char> >,class sf::TcpSocket &,class sf::RenderWindow &,enum States &,int,class Player * const,int &,bool &)" (?update@Lobby@@QEAAXV?$basic_string@DU?$char_traits@D@std@@V?$allocator@D@2@@std@@AEAVTcpSocket@sf@@AEAVRenderWindow@5@AEAW4States@@HQEAVPlayer@@AEAHAEA_N@Z)
C:\Users\Callum\Desktop\hell\3rd year AHHHHHHHH\303\sfml client\sfml\lib\sfml-graphics-d.lib : warning LNK4272: library machine type 'x86' conflicts with target machine type 'x64'
C:\Users\Callum\Desktop\hell\3rd year AHHHHHHHH\303\sfml client\sfml\lib\sfml-window-d.lib : warning LNK4272: library machine type 'x86' conflicts with target machine type 'x64'
C:\Users\Callum\Desktop\hell\3rd year AHHHHHHHH\303\sfml client\sfml\lib\sfml-network-d.lib : warning LNK4272: library machine type 'x86' conflicts with target machine type 'x64'
C:\Users\Callum\Desktop\hell\3rd year AHHHHHHHH\303\sfml client\sfml\lib\sfml-audio-d.lib : warning LNK4272: library machine type 'x86' conflicts with target machine type 'x64'
C:\Users\Callum\Desktop\hell\3rd year AHHHHHHHH\303\sfml client\sfml\lib\sfml-system-d.lib : warning LNK4272: library machine type 'x86' conflicts with target machine type 'x64'
C:\Users\Callum\Desktop\hell\3rd year AHHHHHHHH\303\sfml client\sfml\lib\sfml-main-d.lib : warning LNK4272: library machine type 'x86' conflicts with target machine type 'x64'
C:\Users\Callum\Desktop\hell\3rd year AHHHHHHHH\303\sfml client\x64\Debug\sfml 303.exe : fatal error LNK1120: 91 unresolved externals
