server.obj : error LNK2019: unresolved external symbol "__declspec(dllimport) public: float __cdecl sf::Time::asSeconds(void)const " (__imp_?asSeconds@Time@sf@@QEBAMXZ) referenced in function main
server.obj : error LNK2019: unresolved external symbol "__declspec(dllimport) public: __cdecl sf::Clock::Clock(void)" (__imp_??0Clock@sf@@QEAA@XZ) referenced in function main
server.obj : error LNK2019: unresolved external symbol "__declspec(dllimport) public: class sf::Time __cdecl sf::Clock::getElapsedTime(void)const " (__imp_?getElapsedTime@Clock@sf@@QEBA?AVTime@2@XZ) referenced in function main
server.obj : error LNK2019: unresolved external symbol "__declspec(dllimport) public: class sf::Time __cdecl sf::Clock::restart(void)" (__imp_?restart@Clock@sf@@QEAA?AVTime@2@XZ) referenced in function main
server.obj : error LNK2019: unresolved external symbol "__declspec(dllimport) public: void __cdecl sf::Socket::setBlocking(bool)" (__imp_?setBlocking@Socket@sf@@QEAAX_N@Z) referenced in function main
server.obj : error LNK2019: unresolved external symbol "__declspec(dllimport) public: __cdecl sf::TcpSocket::TcpSocket(void)" (__imp_??0TcpSocket@sf@@QEAA@XZ) referenced in function main
server.obj : error LNK2019: unresolved external symbol "__declspec(dllimport) public: void __cdecl sf::TcpSocket::disconnect(void)" (__imp_?disconnect@TcpSocket@sf@@QEAAXXZ) referenced in function main
server.obj : error LNK2019: unresolved external symbol "__declspec(dllimport) public: enum sf::Socket::Status __cdecl sf::TcpSocket::send(class sf::Packet &)" (__imp_?send@TcpSocket@sf@@QEAA?AW4Status@Socket@2@AEAVPacket@2@@Z) referenced in function main
server.obj : error LNK2019: unresolved external symbol "__declspec(dllimport) public: enum sf::Socket::Status __cdecl sf::TcpSocket::receive(class sf::Packet &)" (__imp_?receive@TcpSocket@sf@@QEAA?AW4Status@Socket@2@AEAVPacket@2@@Z) referenced in function main
server.obj : error LNK2019: unresolved external symbol "__declspec(dllimport) public: virtual __cdecl sf::TcpSocket::~TcpSocket(void)" (__imp_??1TcpSocket@sf@@UEAA@XZ) referenced in function "public: virtual void * __cdecl sf::TcpSocket::`scalar deleting destructor'(unsigned int)" (??_GTcpSocket@sf@@UEAAPEAXI@Z)
server.obj : error LNK2019: unresolved external symbol "__declspec(dllimport) public: __cdecl sf::IpAddress::IpAddress(void)" (__imp_??0IpAddress@sf@@QEAA@XZ) referenced in function main
server.obj : error LNK2019: unresolved external symbol "__declspec(dllimport) public: __cdecl sf::IpAddress::IpAddress(char const *)" (__imp_??0IpAddress@sf@@QEAA@PEBD@Z) referenced in function main
server.obj : error LNK2019: unresolved external symbol "__declspec(dllimport) public: __cdecl sf::Packet::Packet(void)" (__imp_??0Packet@sf@@QEAA@XZ) referenced in function main
server.obj : error LNK2019: unresolved external symbol "__declspec(dllimport) public: virtual __cdecl sf::Packet::~Packet(void)" (__imp_??1Packet@sf@@UEAA@XZ) referenced in function main
server.obj : error LNK2019: unresolved external symbol "__declspec(dllimport) public: __cdecl sf::Packet::operator bool (__cdecl sf::Packet::*)(unsigned __int64)(void)const " (__imp_??BPacket@sf@@QEBAP801@EAA_N_K@ZXZ) referenced in function main
server.obj : error LNK2019: unresolved external symbol "__declspec(dllimport) public: class sf::Packet & __cdecl sf::Packet::operator>>(bool &)" (__imp_??5Packet@sf@@QEAAAEAV01@AEA_N@Z) referenced in function main
server.obj : error LNK2019: unresolved external symbol "__declspec(dllimport) public: class sf::Packet & __cdecl sf::Packet::operator>>(int &)" (__imp_??5Packet@sf@@QEAAAEAV01@AEAH@Z) referenced in function main
server.obj : error LNK2019: unresolved external symbol "__declspec(dllimport) public: class sf::Packet & __cdecl sf::Packet::operator>>(class std::basic_string<char,struct std::char_traits<char>,class std::allocator<char> > &)" (__imp_??5Packet@sf@@QEAAAEAV01@AEAV?$basic_string@DU?$char_traits@D@std@@V?$allocator@D@2@@std@@@Z) referenced in function main
server.obj : error LNK2019: unresolved external symbol "__declspec(dllimport) public: class sf::Packet & __cdecl sf::Packet::operator<<(bool)" (__imp_??6Packet@sf@@QEAAAEAV01@_N@Z) referenced in function main
server.obj : error LNK2019: unresolved external symbol "__declspec(dllimport) public: class sf::Packet & __cdecl sf::Packet::operator<<(int)" (__imp_??6Packet@sf@@QEAAAEAV01@H@Z) referenced in function main
server.obj : error LNK2019: unresolved external symbol "__declspec(dllimport) public: class sf::Packet & __cdecl sf::Packet::operator<<(unsigned __int64)" (__imp_??6Packet@sf@@QEAAAEAV01@_K@Z) referenced in function main
server.obj : error LNK2019: unresolved external symbol "__declspec(dllimport) public: class sf::Packet & __cdecl sf::Packet::operator<<(float)" (__imp_??6Packet@sf@@QEAAAEAV01@M@Z) referenced in function main
server.obj : error LNK2019: unresolved external symbol "__declspec(dllimport) public: class sf::Packet & __cdecl sf::Packet::operator<<(class std::basic_string<char,struct std::char_traits<char>,class std::allocator<char> > const &)" (__imp_??6Packet@sf@@QEAAAEAV01@AEBV?$basic_string@DU?$char_traits@D@std@@V?$allocator@D@2@@std@@@Z) referenced in function main
server.obj : error LNK2019: unresolved external symbol "__declspec(dllimport) public: __cdecl sf::SocketSelector::SocketSelector(void)" (__imp_??0SocketSelector@sf@@QEAA@XZ) referenced in function main
server.obj : error LNK2019: unresolved external symbol "__declspec(dllimport) public: __cdecl sf::SocketSelector::~SocketSelector(void)" (__imp_??1SocketSelector@sf@@QEAA@XZ) referenced in function main
server.obj : error LNK2019: unresolved external symbol "__declspec(dllimport) public: void __cdecl sf::SocketSelector::add(class sf::Socket &)" (__imp_?add@SocketSelector@sf@@QEAAXAEAVSocket@2@@Z) referenced in function main
server.obj : error LNK2019: unresolved external symbol "__declspec(dllimport) public: void __cdecl sf::SocketSelector::remove(class sf::Socket &)" (__imp_?remove@SocketSelector@sf@@QEAAXAEAVSocket@2@@Z) referenced in function main
server.obj : error LNK2019: unresolved external symbol "__declspec(dllimport) public: bool __cdecl sf::SocketSelector::wait(class sf::Time)" (__imp_?wait@SocketSelector@sf@@QEAA_NVTime@2@@Z) referenced in function main
server.obj : error LNK2019: unresolved external symbol "__declspec(dllimport) public: bool __cdecl sf::SocketSelector::isReady(class sf::Socket &)const " (__imp_?isReady@SocketSelector@sf@@QEBA_NAEAVSocket@2@@Z) referenced in function main
server.obj : error LNK2019: unresolved external symbol "__declspec(dllimport) public: __cdecl sf::TcpListener::TcpListener(void)" (__imp_??0TcpListener@sf@@QEAA@XZ) referenced in function main
server.obj : error LNK2019: unresolved external symbol "__declspec(dllimport) public: enum sf::Socket::Status __cdecl sf::TcpListener::listen(unsigned short,class sf::IpAddress const &)" (__imp_?listen@TcpListener@sf@@QEAA?AW4Status@Socket@2@GAEBVIpAddress@2@@Z) referenced in function main
server.obj : error LNK2019: unresolved external symbol "__declspec(dllimport) public: enum sf::Socket::Status __cdecl sf::TcpListener::accept(class sf::TcpSocket &)" (__imp_?accept@TcpListener@sf@@QEAA?AW4Status@Socket@2@AEAVTcpSocket@2@@Z) referenced in function main
server.obj : error LNK2019: unresolved external symbol "__declspec(dllimport) public: virtual __cdecl sf::TcpListener::~TcpListener(void)" (__imp_??1TcpListener@sf@@UEAA@XZ) referenced in function main
server.obj : error LNK2019: unresolved external symbol "__declspec(dllimport) public: __cdecl sf::UdpSocket::UdpSocket(void)" (__imp_??0UdpSocket@sf@@QEAA@XZ) referenced in function main
server.obj : error LNK2019: unresolved external symbol "__declspec(dllimport) public: enum sf::Socket::Status __cdecl sf::UdpSocket::bind(unsigned short,class sf::IpAddress const &)" (__imp_?bind@UdpSocket@sf@@QEAA?AW4Status@Socket@2@GAEBVIpAddress@2@@Z) referenced in function main
server.obj : error LNK2019: unresolved external symbol "__declspec(dllimport) public: enum sf::Socket::Status __cdecl sf::UdpSocket::send(class sf::Packet &,class sf::IpAddress const &,unsigned short)" (__imp_?send@UdpSocket@sf@@QEAA?AW4Status@Socket@2@AEAVPacket@2@AEBVIpAddress@2@G@Z) referenced in function main
server.obj : error LNK2019: unresolved external symbol "__declspec(dllimport) public: enum sf::Socket::Status __cdecl sf::UdpSocket::receive(class sf::Packet &,class sf::IpAddress &,unsigned short &)" (__imp_?receive@UdpSocket@sf@@QEAA?AW4Status@Socket@2@AEAVPacket@2@AEAVIpAddress@2@AEAG@Z) referenced in function main
server.obj : error LNK2019: unresolved external symbol "__declspec(dllimport) public: virtual __cdecl sf::UdpSocket::~UdpSocket(void)" (__imp_??1UdpSocket@sf@@UEAA@XZ) referenced in function main
server.obj : error LNK2019: unresolved external symbol "__declspec(dllimport) public: static class sf::Time const sf::Time::Zero" (__imp_?Zero@Time@sf@@2V12@B) referenced in function main
server.obj : error LNK2019: unresolved external symbol "__declspec(dllimport) public: static class sf::IpAddress const sf::IpAddress::Any" (__imp_?Any@IpAddress@sf@@2V12@B) referenced in function main
C:\Users\Callum\Desktop\hell\3rd year AHHHHHHHH\303\sfml server\sfml\lib\sfml-graphics-d.lib : warning LNK4272: library machine type 'x86' conflicts with target machine type 'x64'
C:\Users\Callum\Desktop\hell\3rd year AHHHHHHHH\303\sfml server\sfml\lib\sfml-window-d.lib : warning LNK4272: library machine type 'x86' conflicts with target machine type 'x64'
C:\Users\Callum\Desktop\hell\3rd year AHHHHHHHH\303\sfml server\sfml\lib\sfml-network-d.lib : warning LNK4272: library machine type 'x86' conflicts with target machine type 'x64'
C:\Users\Callum\Desktop\hell\3rd year AHHHHHHHH\303\sfml server\sfml\lib\sfml-audio-d.lib : warning LNK4272: library machine type 'x86' conflicts with target machine type 'x64'
C:\Users\Callum\Desktop\hell\3rd year AHHHHHHHH\303\sfml server\sfml\lib\sfml-system-d.lib : warning LNK4272: library machine type 'x86' conflicts with target machine type 'x64'
C:\Users\Callum\Desktop\hell\3rd year AHHHHHHHH\303\sfml server\x64\Debug\sfml server.exe : fatal error LNK1120: 40 unresolved externals
